2014-07-08 11:08:29,808 INFO  [AndroMDA] - discovering namespaces -
2014-07-08 11:08:29,957 INFO  [AndroMDA] found namespace --> 'emf-uml2'
2014-07-08 11:08:29,957 INFO  [AndroMDA]   +  registering component 'repository'
2014-07-08 11:08:29,973 INFO  [AndroMDA]   +  registering component 'metafacades'
2014-07-08 11:08:30,093 INFO  [AndroMDA]   +  registering component 'profile'
2014-07-08 11:08:30,109 INFO  [AndroMDA] found namespace --> 'hibernate'
2014-07-08 11:08:30,110 INFO  [AndroMDA]   +  registering component 'cartridge'
2014-07-08 11:08:30,173 INFO  [AndroMDA]   +  registering component 'metafacades'
2014-07-08 11:08:30,225 INFO  [AndroMDA]   +  registering component 'profile'
2014-07-08 11:08:30,242 INFO  [AndroMDA] found namespace --> 'java'
2014-07-08 11:08:30,242 INFO  [AndroMDA]   +  registering component 'cartridge'
2014-07-08 11:08:30,255 INFO  [AndroMDA]   +  registering component 'profile'
2014-07-08 11:08:30,259 INFO  [AndroMDA]   +  registering component 'metafacades'
2014-07-08 11:08:30,267 INFO  [AndroMDA] found namespace --> 'netBeansMDR'
2014-07-08 11:08:30,267 INFO  [AndroMDA]   +  registering component 'repository'
2014-07-08 11:08:30,323 INFO  [AndroMDA] found namespace --> 'query'
2014-07-08 11:08:30,323 INFO  [AndroMDA]   +  registering component 'translation-library'
2014-07-08 11:08:30,412 INFO  [AndroMDA] found namespace --> 'uml-1.4'
2014-07-08 11:08:30,413 INFO  [AndroMDA]   +  registering component 'metafacades'
2014-07-08 11:08:30,493 INFO  [AndroMDA]   +  registering component 'profile'
2014-07-08 11:08:30,505 INFO  [AndroMDA] found namespace --> 'validation'
2014-07-08 11:08:30,506 INFO  [AndroMDA]   +  registering component 'translation-library'
2014-07-08 11:08:31,445 INFO  [AndroMDA] - core initialization complete: 1.822[s] -
2014-07-08 11:08:31,499 INFO  [AndroMDA] loading model --> 'file:C:/workspace/java/dev/TweetDesk/persistance_code_base/mda/src/main/uml/tweetdeck.xmi'
2014-07-08 11:08:32,099 INFO  [AndroMDA] referenced model --> 'jar:file:/C:/workspace/java/tools/.m2/repository/org/andromda/profiles/uml14/andromda-profile/3.3-SNAPSHOT/andromda-profile-3.3-SNAPSHOT.xml.zip!/andromda-profile-3.3-SNAPSHOT.xml'
2014-07-08 11:08:32,102 INFO  [AndroMDA] referenced model --> 'jar:file:/C:/workspace/java/tools/.m2/repository/org/andromda/profiles/uml14/andromda-profile-datatype/3.3-SNAPSHOT/andromda-profile-datatype-3.3-SNAPSHOT.xml.zip!/andromda-profile-datatype-3.3-SNAPSHOT.xml'
2014-07-08 11:08:32,104 INFO  [AndroMDA] referenced model --> 'jar:file:/C:/workspace/java/tools/.m2/repository/org/andromda/profiles/uml14/andromda-profile-webservice/3.3-SNAPSHOT/andromda-profile-webservice-3.3-SNAPSHOT.xml.zip!/andromda-profile-webservice-3.3-SNAPSHOT.xml'
2014-07-08 11:08:32,105 INFO  [AndroMDA] referenced model --> 'jar:file:/C:/workspace/java/tools/.m2/repository/org/andromda/profiles/uml14/andromda-profile-service/3.3-SNAPSHOT/andromda-profile-service-3.3-SNAPSHOT.xml.zip!/andromda-profile-service-3.3-SNAPSHOT.xml'
2014-07-08 11:08:32,107 INFO  [AndroMDA] referenced model --> 'jar:file:/C:/workspace/java/tools/.m2/repository/org/andromda/profiles/uml14/andromda-profile-process/3.3-SNAPSHOT/andromda-profile-process-3.3-SNAPSHOT.xml.zip!/andromda-profile-process-3.3-SNAPSHOT.xml'
2014-07-08 11:08:32,110 INFO  [AndroMDA] referenced model --> 'jar:file:/C:/workspace/java/tools/.m2/repository/org/andromda/profiles/uml14/andromda-profile-presentation/3.3-SNAPSHOT/andromda-profile-presentation-3.3-SNAPSHOT.xml.zip!/andromda-profile-presentation-3.3-SNAPSHOT.xml'
2014-07-08 11:08:32,112 INFO  [AndroMDA] referenced model --> 'jar:file:/C:/workspace/java/tools/.m2/repository/org/andromda/profiles/uml14/andromda-profile-meta/3.3-SNAPSHOT/andromda-profile-meta-3.3-SNAPSHOT.xml.zip!/andromda-profile-meta-3.3-SNAPSHOT.xml'
2014-07-08 11:08:32,116 INFO  [AndroMDA] referenced model --> 'jar:file:/C:/workspace/java/tools/.m2/repository/org/andromda/profiles/uml14/andromda-profile-xml/3.3-SNAPSHOT/andromda-profile-xml-3.3-SNAPSHOT.xml.zip!/andromda-profile-xml-3.3-SNAPSHOT.xml'
2014-07-08 11:08:32,118 INFO  [AndroMDA] referenced model --> 'jar:file:/C:/workspace/java/tools/.m2/repository/org/andromda/profiles/uml14/andromda-profile-persistence/3.3-SNAPSHOT/andromda-profile-persistence-3.3-SNAPSHOT.xml.zip!/andromda-profile-persistence-3.3-SNAPSHOT.xml'
2014-07-08 11:08:32,135 INFO  [AndroMDA] referenced model --> 'jar:file:/C:/workspace/java/tools/.m2/repository/org/andromda/profiles/uml14/andromda-profile-messaging/3.3-SNAPSHOT/andromda-profile-messaging-3.3-SNAPSHOT.xml.zip!/andromda-profile-messaging-3.3-SNAPSHOT.xml'
2014-07-08 11:08:32,316 INFO  [AndroMDA] - loading complete: 0.87[s] -
2014-07-08 11:08:32,316 INFO  [AndroMDA] - validating model -
2014-07-08 11:08:33,254 INFO  [AndroMDA] - validation complete: 0.938[s] -
2014-07-08 11:08:33,483 INFO  [AndroMDA:hibernate] Output: 'file:/C:/workspace/java/dev/TweetDesk/persistance_code_base/mda/../core/target/src/uk/ac/dotrural/irp/ecosystem/tweetdeck/entity/tweet/TweetFactory.java'
2014-07-08 11:08:33,487 INFO  [AndroMDA:hibernate] Output: 'file:/C:/workspace/java/dev/TweetDesk/persistance_code_base/mda/../core/target/src/uk/ac/dotrural/irp/ecosystem/tweetdeck/entity/geolocation/GeolocationFactory.java'
2014-07-08 11:08:33,491 INFO  [AndroMDA:hibernate] Output: 'file:/C:/workspace/java/dev/TweetDesk/persistance_code_base/mda/../core/target/src/uk/ac/dotrural/irp/ecosystem/tweetdeck/entity/hashtag/HashtagFactory.java'
2014-07-08 11:08:33,497 INFO  [AndroMDA:hibernate] Output: 'file:/C:/workspace/java/dev/TweetDesk/persistance_code_base/mda/../core/target/src/uk/ac/dotrural/irp/ecosystem/tweetdeck/entity/media/MediaFactory.java'
2014-07-08 11:08:33,504 INFO  [AndroMDA:hibernate] Output: 'file:/C:/workspace/java/dev/TweetDesk/persistance_code_base/mda/../core/target/src/uk/ac/dotrural/irp/ecosystem/tweetdeck/entity/placeentity/PlaceEntityFactory.java'
2014-07-08 11:08:33,509 INFO  [AndroMDA:hibernate] Output: 'file:/C:/workspace/java/dev/TweetDesk/persistance_code_base/mda/../core/target/src/uk/ac/dotrural/irp/ecosystem/tweetdeck/entity/url/URLFactory.java'
2014-07-08 11:08:33,514 INFO  [AndroMDA:hibernate] Output: 'file:/C:/workspace/java/dev/TweetDesk/persistance_code_base/mda/../core/target/src/uk/ac/dotrural/irp/ecosystem/tweetdeck/entity/usermention/UserMentionFactory.java'
2014-07-08 11:08:33,519 INFO  [AndroMDA:hibernate] Output: 'file:/C:/workspace/java/dev/TweetDesk/persistance_code_base/mda/../core/target/src/uk/ac/dotrural/irp/ecosystem/tweetdeck/entity/audittrail/AuditTrailFactory.java'
2014-07-08 11:08:33,523 INFO  [AndroMDA:hibernate] Output: 'file:/C:/workspace/java/dev/TweetDesk/persistance_code_base/mda/../core/target/src/uk/ac/dotrural/irp/ecosystem/tweetdeck/entity/judgement/JudgementFactory.java'
2014-07-08 11:08:33,528 INFO  [AndroMDA:hibernate] Output: 'file:/C:/workspace/java/dev/TweetDesk/persistance_code_base/mda/../core/target/src/uk/ac/dotrural/irp/ecosystem/tweetdeck/entity/category/CategoryFactory.java'
2014-07-08 11:08:33,533 INFO  [AndroMDA:hibernate] Output: 'file:/C:/workspace/java/dev/TweetDesk/persistance_code_base/mda/../core/target/src/uk/ac/dotrural/irp/ecosystem/tweetdeck/entity/users/UsersFactory.java'
2014-07-08 11:08:33,539 INFO  [AndroMDA:hibernate] Output: 'file:/C:/workspace/java/dev/TweetDesk/persistance_code_base/mda/../core/target/src/uk/ac/dotrural/irp/ecosystem/tweetdeck/entity/userrole/UserRoleFactory.java'
2014-07-08 11:08:33,543 INFO  [AndroMDA:hibernate] Output: 'file:/C:/workspace/java/dev/TweetDesk/persistance_code_base/mda/../core/target/src/uk/ac/dotrural/irp/ecosystem/tweetdeck/entity/tracklist/TrackListFactory.java'
2014-07-08 11:08:33,550 INFO  [AndroMDA:hibernate] Output: 'file:/C:/workspace/java/dev/TweetDesk/persistance_code_base/mda/../core/target/src/uk/ac/dotrural/irp/ecosystem/tweetdeck/entity/userprofile/UserProfileFactory.java'
2014-07-08 11:08:33,556 INFO  [AndroMDA:hibernate] Output: 'file:/C:/workspace/java/dev/TweetDesk/persistance_code_base/mda/../core/target/src/uk/ac/dotrural/irp/ecosystem/tweetdeck/entity/account/AccountFactory.java'
2014-07-08 11:08:33,562 INFO  [AndroMDA:hibernate] Output: 'file:/C:/workspace/java/dev/TweetDesk/persistance_code_base/mda/../core/target/src/uk/ac/dotrural/irp/ecosystem/tweetdeck/entity/friends/FriendsFactory.java'
2014-07-08 11:08:33,566 INFO  [AndroMDA:hibernate] Output: 'file:/C:/workspace/java/dev/TweetDesk/persistance_code_base/mda/../core/target/src/uk/ac/dotrural/irp/ecosystem/tweetdeck/entity/followers/FollowersFactory.java'
2014-07-08 11:08:33,571 INFO  [AndroMDA:hibernate] Output: 'file:/C:/workspace/java/dev/TweetDesk/persistance_code_base/mda/../core/target/src/uk/ac/dotrural/irp/ecosystem/tweetdeck/entity/setting/SettingFactory.java'
2014-07-08 11:08:33,583 INFO  [AndroMDA:hibernate] Output: 'file:/C:/workspace/java/dev/TweetDesk/persistance_code_base/mda/../core/target/src/hibernate.cfg.xml'
2014-07-08 11:08:33,763 INFO  [AndroMDA:hibernate] Output: 'file:/C:/workspace/java/dev/TweetDesk/persistance_code_base/mda/../core/target/src/uk/ac/dotrural/irp/ecosystem/tweetdeck/entity/tweet/Tweet.hbm.xml'
2014-07-08 11:08:33,815 INFO  [AndroMDA:hibernate] Output: 'file:/C:/workspace/java/dev/TweetDesk/persistance_code_base/mda/../core/target/src/uk/ac/dotrural/irp/ecosystem/tweetdeck/entity/geolocation/Geolocation.hbm.xml'
2014-07-08 11:08:33,874 INFO  [AndroMDA:hibernate] Output: 'file:/C:/workspace/java/dev/TweetDesk/persistance_code_base/mda/../core/target/src/uk/ac/dotrural/irp/ecosystem/tweetdeck/entity/hashtag/Hashtag.hbm.xml'
2014-07-08 11:08:33,938 INFO  [AndroMDA:hibernate] Output: 'file:/C:/workspace/java/dev/TweetDesk/persistance_code_base/mda/../core/target/src/uk/ac/dotrural/irp/ecosystem/tweetdeck/entity/media/Media.hbm.xml'
2014-07-08 11:08:34,014 INFO  [AndroMDA:hibernate] Output: 'file:/C:/workspace/java/dev/TweetDesk/persistance_code_base/mda/../core/target/src/uk/ac/dotrural/irp/ecosystem/tweetdeck/entity/placeentity/PlaceEntity.hbm.xml'
2014-07-08 11:08:34,087 INFO  [AndroMDA:hibernate] Output: 'file:/C:/workspace/java/dev/TweetDesk/persistance_code_base/mda/../core/target/src/uk/ac/dotrural/irp/ecosystem/tweetdeck/entity/url/URL.hbm.xml'
2014-07-08 11:08:34,136 INFO  [AndroMDA:hibernate] Output: 'file:/C:/workspace/java/dev/TweetDesk/persistance_code_base/mda/../core/target/src/uk/ac/dotrural/irp/ecosystem/tweetdeck/entity/usermention/UserMention.hbm.xml'
2014-07-08 11:08:34,183 INFO  [AndroMDA:hibernate] Output: 'file:/C:/workspace/java/dev/TweetDesk/persistance_code_base/mda/../core/target/src/uk/ac/dotrural/irp/ecosystem/tweetdeck/entity/audittrail/AuditTrail.hbm.xml'
2014-07-08 11:08:34,223 INFO  [AndroMDA:hibernate] Output: 'file:/C:/workspace/java/dev/TweetDesk/persistance_code_base/mda/../core/target/src/uk/ac/dotrural/irp/ecosystem/tweetdeck/entity/judgement/Judgement.hbm.xml'
2014-07-08 11:08:34,252 INFO  [AndroMDA:hibernate] Output: 'file:/C:/workspace/java/dev/TweetDesk/persistance_code_base/mda/../core/target/src/uk/ac/dotrural/irp/ecosystem/tweetdeck/entity/category/Category.hbm.xml'
2014-07-08 11:08:34,278 INFO  [AndroMDA:hibernate] Output: 'file:/C:/workspace/java/dev/TweetDesk/persistance_code_base/mda/../core/target/src/uk/ac/dotrural/irp/ecosystem/tweetdeck/entity/users/Users.hbm.xml'
2014-07-08 11:08:34,299 INFO  [AndroMDA:hibernate] Output: 'file:/C:/workspace/java/dev/TweetDesk/persistance_code_base/mda/../core/target/src/uk/ac/dotrural/irp/ecosystem/tweetdeck/entity/userrole/UserRole.hbm.xml'
2014-07-08 11:08:34,316 INFO  [AndroMDA:hibernate] Output: 'file:/C:/workspace/java/dev/TweetDesk/persistance_code_base/mda/../core/target/src/uk/ac/dotrural/irp/ecosystem/tweetdeck/entity/tracklist/TrackList.hbm.xml'
2014-07-08 11:08:34,339 INFO  [AndroMDA:hibernate] Output: 'file:/C:/workspace/java/dev/TweetDesk/persistance_code_base/mda/../core/target/src/uk/ac/dotrural/irp/ecosystem/tweetdeck/entity/userprofile/UserProfile.hbm.xml'
2014-07-08 11:08:34,357 INFO  [AndroMDA:hibernate] Output: 'file:/C:/workspace/java/dev/TweetDesk/persistance_code_base/mda/../core/target/src/uk/ac/dotrural/irp/ecosystem/tweetdeck/entity/account/Account.hbm.xml'
2014-07-08 11:08:34,377 INFO  [AndroMDA:hibernate] Output: 'file:/C:/workspace/java/dev/TweetDesk/persistance_code_base/mda/../core/target/src/uk/ac/dotrural/irp/ecosystem/tweetdeck/entity/friends/Friends.hbm.xml'
2014-07-08 11:08:34,393 INFO  [AndroMDA:hibernate] Output: 'file:/C:/workspace/java/dev/TweetDesk/persistance_code_base/mda/../core/target/src/uk/ac/dotrural/irp/ecosystem/tweetdeck/entity/followers/Followers.hbm.xml'
2014-07-08 11:08:34,405 INFO  [AndroMDA:hibernate] Output: 'file:/C:/workspace/java/dev/TweetDesk/persistance_code_base/mda/../core/target/src/uk/ac/dotrural/irp/ecosystem/tweetdeck/entity/setting/Setting.hbm.xml'
2014-07-08 11:08:34,409 INFO  [AndroMDA:hibernate] Output: 'file:/C:/workspace/java/dev/TweetDesk/persistance_code_base/mda/../core/target/src/hibernate.cfg.xml'
2014-07-08 11:08:34,481 INFO  [AndroMDA:hibernate] Output: 'file:/C:/workspace/java/dev/TweetDesk/persistance_code_base/mda/../common/target/src/uk/ac/dotrural/irp/ecosystem/tweetdeck/entity/tweet/Tweet.java'
2014-07-08 11:08:34,486 INFO  [AndroMDA:hibernate] Output: 'file:/C:/workspace/java/dev/TweetDesk/persistance_code_base/mda/../common/target/src/uk/ac/dotrural/irp/ecosystem/tweetdeck/entity/geolocation/Geolocation.java'
2014-07-08 11:08:34,490 INFO  [AndroMDA:hibernate] Output: 'file:/C:/workspace/java/dev/TweetDesk/persistance_code_base/mda/../common/target/src/uk/ac/dotrural/irp/ecosystem/tweetdeck/entity/hashtag/Hashtag.java'
2014-07-08 11:08:34,496 INFO  [AndroMDA:hibernate] Output: 'file:/C:/workspace/java/dev/TweetDesk/persistance_code_base/mda/../common/target/src/uk/ac/dotrural/irp/ecosystem/tweetdeck/entity/media/Media.java'
2014-07-08 11:08:34,506 INFO  [AndroMDA:hibernate] Output: 'file:/C:/workspace/java/dev/TweetDesk/persistance_code_base/mda/../common/target/src/uk/ac/dotrural/irp/ecosystem/tweetdeck/entity/placeentity/PlaceEntity.java'
2014-07-08 11:08:34,514 INFO  [AndroMDA:hibernate] Output: 'file:/C:/workspace/java/dev/TweetDesk/persistance_code_base/mda/../common/target/src/uk/ac/dotrural/irp/ecosystem/tweetdeck/entity/url/URL.java'
2014-07-08 11:08:34,520 INFO  [AndroMDA:hibernate] Output: 'file:/C:/workspace/java/dev/TweetDesk/persistance_code_base/mda/../common/target/src/uk/ac/dotrural/irp/ecosystem/tweetdeck/entity/usermention/UserMention.java'
2014-07-08 11:08:34,528 INFO  [AndroMDA:hibernate] Output: 'file:/C:/workspace/java/dev/TweetDesk/persistance_code_base/mda/../common/target/src/uk/ac/dotrural/irp/ecosystem/tweetdeck/entity/audittrail/AuditTrail.java'
2014-07-08 11:08:34,534 INFO  [AndroMDA:hibernate] Output: 'file:/C:/workspace/java/dev/TweetDesk/persistance_code_base/mda/../common/target/src/uk/ac/dotrural/irp/ecosystem/tweetdeck/entity/judgement/Judgement.java'
2014-07-08 11:08:34,543 INFO  [AndroMDA:hibernate] Output: 'file:/C:/workspace/java/dev/TweetDesk/persistance_code_base/mda/../common/target/src/uk/ac/dotrural/irp/ecosystem/tweetdeck/entity/category/Category.java'
2014-07-08 11:08:34,553 INFO  [AndroMDA:hibernate] Output: 'file:/C:/workspace/java/dev/TweetDesk/persistance_code_base/mda/../common/target/src/uk/ac/dotrural/irp/ecosystem/tweetdeck/entity/users/Users.java'
2014-07-08 11:08:34,559 INFO  [AndroMDA:hibernate] Output: 'file:/C:/workspace/java/dev/TweetDesk/persistance_code_base/mda/../common/target/src/uk/ac/dotrural/irp/ecosystem/tweetdeck/entity/userrole/UserRole.java'
2014-07-08 11:08:34,564 INFO  [AndroMDA:hibernate] Output: 'file:/C:/workspace/java/dev/TweetDesk/persistance_code_base/mda/../common/target/src/uk/ac/dotrural/irp/ecosystem/tweetdeck/entity/tracklist/TrackList.java'
2014-07-08 11:08:34,580 INFO  [AndroMDA:hibernate] Output: 'file:/C:/workspace/java/dev/TweetDesk/persistance_code_base/mda/../common/target/src/uk/ac/dotrural/irp/ecosystem/tweetdeck/entity/userprofile/UserProfile.java'
2014-07-08 11:08:34,587 INFO  [AndroMDA:hibernate] Output: 'file:/C:/workspace/java/dev/TweetDesk/persistance_code_base/mda/../common/target/src/uk/ac/dotrural/irp/ecosystem/tweetdeck/entity/account/Account.java'
2014-07-08 11:08:34,593 INFO  [AndroMDA:hibernate] Output: 'file:/C:/workspace/java/dev/TweetDesk/persistance_code_base/mda/../common/target/src/uk/ac/dotrural/irp/ecosystem/tweetdeck/entity/friends/Friends.java'
2014-07-08 11:08:34,599 INFO  [AndroMDA:hibernate] Output: 'file:/C:/workspace/java/dev/TweetDesk/persistance_code_base/mda/../common/target/src/uk/ac/dotrural/irp/ecosystem/tweetdeck/entity/followers/Followers.java'
2014-07-08 11:08:34,604 INFO  [AndroMDA:hibernate] Output: 'file:/C:/workspace/java/dev/TweetDesk/persistance_code_base/mda/../common/target/src/uk/ac/dotrural/irp/ecosystem/tweetdeck/entity/setting/Setting.java'
2014-07-08 11:08:34,608 INFO  [AndroMDA:hibernate] Output: 'file:/C:/workspace/java/dev/TweetDesk/persistance_code_base/mda/../common/target/src/uk/ac/dotrural/irp/ecosystem/tweetdeck/entity/tweet/TweetImpl.java'
2014-07-08 11:08:34,609 INFO  [AndroMDA:hibernate] Output: 'file:/C:/workspace/java/dev/TweetDesk/persistance_code_base/mda/../common/target/src/uk/ac/dotrural/irp/ecosystem/tweetdeck/entity/geolocation/GeolocationImpl.java'
2014-07-08 11:08:34,610 INFO  [AndroMDA:hibernate] Output: 'file:/C:/workspace/java/dev/TweetDesk/persistance_code_base/mda/../common/target/src/uk/ac/dotrural/irp/ecosystem/tweetdeck/entity/hashtag/HashtagImpl.java'
2014-07-08 11:08:34,611 INFO  [AndroMDA:hibernate] Output: 'file:/C:/workspace/java/dev/TweetDesk/persistance_code_base/mda/../common/target/src/uk/ac/dotrural/irp/ecosystem/tweetdeck/entity/media/MediaImpl.java'
2014-07-08 11:08:34,612 INFO  [AndroMDA:hibernate] Output: 'file:/C:/workspace/java/dev/TweetDesk/persistance_code_base/mda/../common/target/src/uk/ac/dotrural/irp/ecosystem/tweetdeck/entity/placeentity/PlaceEntityImpl.java'
2014-07-08 11:08:34,614 INFO  [AndroMDA:hibernate] Output: 'file:/C:/workspace/java/dev/TweetDesk/persistance_code_base/mda/../common/target/src/uk/ac/dotrural/irp/ecosystem/tweetdeck/entity/url/URLImpl.java'
2014-07-08 11:08:34,615 INFO  [AndroMDA:hibernate] Output: 'file:/C:/workspace/java/dev/TweetDesk/persistance_code_base/mda/../common/target/src/uk/ac/dotrural/irp/ecosystem/tweetdeck/entity/usermention/UserMentionImpl.java'
2014-07-08 11:08:34,618 INFO  [AndroMDA:hibernate] Output: 'file:/C:/workspace/java/dev/TweetDesk/persistance_code_base/mda/../common/target/src/uk/ac/dotrural/irp/ecosystem/tweetdeck/entity/audittrail/AuditTrailImpl.java'
2014-07-08 11:08:34,619 INFO  [AndroMDA:hibernate] Output: 'file:/C:/workspace/java/dev/TweetDesk/persistance_code_base/mda/../common/target/src/uk/ac/dotrural/irp/ecosystem/tweetdeck/entity/judgement/JudgementImpl.java'
2014-07-08 11:08:34,620 INFO  [AndroMDA:hibernate] Output: 'file:/C:/workspace/java/dev/TweetDesk/persistance_code_base/mda/../common/target/src/uk/ac/dotrural/irp/ecosystem/tweetdeck/entity/category/CategoryImpl.java'
2014-07-08 11:08:34,628 INFO  [AndroMDA:hibernate] Output: 'file:/C:/workspace/java/dev/TweetDesk/persistance_code_base/mda/../common/target/src/uk/ac/dotrural/irp/ecosystem/tweetdeck/entity/users/UsersImpl.java'
2014-07-08 11:08:34,629 INFO  [AndroMDA:hibernate] Output: 'file:/C:/workspace/java/dev/TweetDesk/persistance_code_base/mda/../common/target/src/uk/ac/dotrural/irp/ecosystem/tweetdeck/entity/userrole/UserRoleImpl.java'
2014-07-08 11:08:34,630 INFO  [AndroMDA:hibernate] Output: 'file:/C:/workspace/java/dev/TweetDesk/persistance_code_base/mda/../common/target/src/uk/ac/dotrural/irp/ecosystem/tweetdeck/entity/tracklist/TrackListImpl.java'
2014-07-08 11:08:34,631 INFO  [AndroMDA:hibernate] Output: 'file:/C:/workspace/java/dev/TweetDesk/persistance_code_base/mda/../common/target/src/uk/ac/dotrural/irp/ecosystem/tweetdeck/entity/userprofile/UserProfileImpl.java'
2014-07-08 11:08:34,632 INFO  [AndroMDA:hibernate] Output: 'file:/C:/workspace/java/dev/TweetDesk/persistance_code_base/mda/../common/target/src/uk/ac/dotrural/irp/ecosystem/tweetdeck/entity/account/AccountImpl.java'
2014-07-08 11:08:34,633 INFO  [AndroMDA:hibernate] Output: 'file:/C:/workspace/java/dev/TweetDesk/persistance_code_base/mda/../common/target/src/uk/ac/dotrural/irp/ecosystem/tweetdeck/entity/friends/FriendsImpl.java'
2014-07-08 11:08:34,635 INFO  [AndroMDA:hibernate] Output: 'file:/C:/workspace/java/dev/TweetDesk/persistance_code_base/mda/../common/target/src/uk/ac/dotrural/irp/ecosystem/tweetdeck/entity/followers/FollowersImpl.java'
2014-07-08 11:08:34,636 INFO  [AndroMDA:hibernate] Output: 'file:/C:/workspace/java/dev/TweetDesk/persistance_code_base/mda/../common/target/src/uk/ac/dotrural/irp/ecosystem/tweetdeck/entity/setting/SettingImpl.java'
2014-07-08 11:08:34,642 INFO  [AndroMDA:hibernate] Output: 'file:/C:/workspace/java/dev/TweetDesk/persistance_code_base/mda/../core/target/src/org/andromda/persistence/hibernate/usertypes/HibernateByteBlobType.java'
2014-07-08 11:08:34,646 INFO  [AndroMDA:hibernate] Output: 'file:/C:/workspace/java/dev/TweetDesk/persistance_code_base/mda/../core/target/src/org/andromda/persistence/hibernate/usertypes/HibernateStringClobType.java'
2014-07-08 11:08:34,652 INFO  [AndroMDA:hibernate] Output: 'file:/C:/workspace/java/dev/TweetDesk/persistance_code_base/mda/../core/target/src/META-INF/ejb-jar.xml'
2014-07-08 11:08:34,655 INFO  [AndroMDA:hibernate] Output: 'file:/C:/workspace/java/dev/TweetDesk/persistance_code_base/mda/../core/target/src/META-INF/jboss.xml'
2014-07-08 11:08:34,659 INFO  [AndroMDA:hibernate] Output: 'file:/C:/workspace/java/dev/TweetDesk/persistance_code_base/mda/../core/target/src/uk/ac/dotrural/irp/ecosystem/tweetdeck/ServiceLocator.java'
2014-07-08 11:08:34,666 INFO  [AndroMDA:hibernate] Output: 'file:/C:/workspace/java/dev/TweetDesk/persistance_code_base/mda/../core/target/src/uk/ac/dotrural/irp/ecosystem/tweetdeck/service/TweetDeckServiceBean.java'
2014-07-08 11:08:34,675 INFO  [AndroMDA:hibernate] Output: 'file:/C:/workspace/java/dev/TweetDesk/persistance_code_base/mda/../core/target/src/uk/ac/dotrural/irp/ecosystem/tweetdeck/service/TweetDeckService.java'
2014-07-08 11:08:34,680 INFO  [AndroMDA:hibernate] Output: 'file:/C:/workspace/java/dev/TweetDesk/persistance_code_base/mda/../core/target/src/uk/ac/dotrural/irp/ecosystem/tweetdeck/service/TweetDeckServiceHome.java'
2014-07-08 11:08:34,682 INFO  [AndroMDA:hibernate] Output: 'file:/C:/workspace/java/dev/TweetDesk/persistance_code_base/mda/../core/target/src/uk/ac/dotrural/irp/ecosystem/tweetdeck/HibernateUtils.java'
2014-07-08 11:08:34,685 INFO  [AndroMDA:hibernate] Output: 'file:/C:/workspace/java/dev/TweetDesk/persistance_code_base/mda/../core/target/src/ehcache.xml'
2014-07-08 11:08:34,703 INFO  [AndroMDA:java] Output: 'file:/C:/workspace/java/dev/TweetDesk/persistance_code_base/mda/../common/target/src/uk/ac/dotrural/irp/ecosystem/tweetdeck/exception/TweetDeckException.java'
2014-07-08 11:08:34,706 INFO  [AndroMDA:java] Output: 'file:/C:/workspace/java/dev/TweetDesk/persistance_code_base/mda/../common/target/src/uk/ac/dotrural/irp/ecosystem/tweetdeck/exception/TweetDeckException.java'
2014-07-08 11:08:34,714 INFO  [AndroMDA] completed model processing --> TIME: 3.268[s], RESOURCES WRITTEN: 86
